<?xml version="1.0" encoding="UTF-8"?>
<!-- Generated by org.testng.reporters.JUnitXMLReporter -->
<testsuite ignored="0" hostname="SSG" failures="1" tests="1" name="Surefire test" time="59.03" errors="0" timestamp="2024-10-14T08:51:22 MDT">
  <testcase classname="io.cucumber.testng.AbstractTestNGCucumberTests" name="runScenario" time="55.933">
    <failure type="io.cucumber.core.exception.CucumberException" message="Step [I open the Legacy file and retrieve the legacy overtime hours data for employee with EmployeeID] is defined with 1 parameters at &amp;apos;stepDefinitions.ComparisonSteps.openLegacyFileAndRetrieveData(java.lang.String)&amp;apos;.
However, the gherkin step has 0 arguments.
Step text: I open the Legacy file and retrieve the legacy overtime hours data for employee with EmployeeID">
      <![CDATA[io.cucumber.core.exception.CucumberException: Step [I open the Legacy file and retrieve the legacy overtime hours data for employee with EmployeeID] is defined with 1 parameters at 'stepDefinitions.ComparisonSteps.openLegacyFileAndRetrieveData(java.lang.String)'.
However, the gherkin step has 0 arguments.
Step text: I open the Legacy file and retrieve the legacy overtime hours data for employee with EmployeeID
at io.cucumber.core.runner.PickleStepDefinitionMatch.arityMismatch(PickleStepDefinitionMatch.java:83)
at io.cucumber.core.runner.PickleStepDefinitionMatch.runStep(PickleStepDefinitionMatch.java:42)
at io.cucumber.core.runner.ExecutionMode$1.execute(ExecutionMode.java:10)
at io.cucumber.core.runner.TestStep.executeStep(TestStep.java:86)
at io.cucumber.core.runner.TestStep.run(TestStep.java:57)
at io.cucumber.core.runner.PickleStepTestStep.run(PickleStepTestStep.java:51)
at io.cucumber.core.runner.TestCase.run(TestCase.java:95)
at io.cucumber.core.runner.Runner.runPickle(Runner.java:75)
at io.cucumber.testng.TestNGCucumberRunner.lambda$runScenario$1(TestNGCucumberRunner.java:132)
at io.cucumber.core.runtime.CucumberExecutionContext.lambda$runTestCase$3(CucumberExecutionContext.java:110)
at io.cucumber.core.runtime.RethrowingThrowableCollector.executeAndThrow(RethrowingThrowableCollector.java:23)
at io.cucumber.core.runtime.CucumberExecutionContext.runTestCase(CucumberExecutionContext.java:110)
at io.cucumber.testng.TestNGCucumberRunner.runScenario(TestNGCucumberRunner.java:129)
at io.cucumber.testng.AbstractTestNGCucumberTests.runScenario(AbstractTestNGCucumberTests.java:35)
at java.base/java.util.ArrayList.forEach(ArrayList.java:1597)
... Removed 30 stack frames]]>
    </failure>
  </testcase> <!-- runScenario -->
</testsuite> <!-- Surefire test -->
